Thread-1
Random Item 19 0
Submitted  2  Jobs by Thread Thread-1
Random Item 2 1
Submitted  3  Jobs by Thread Thread-1
Random Item 9 2
Submitted  4  Jobs by Thread Thread-1
Random Item 22 3
Submitted  5  Jobs by Thread Thread-1
Random Item 27 4
Submitted  6  Jobs by Thread Thread-1
Random Item 22 5
Submitted  7  Jobs by Thread Thread-1
Random Item 32 6
Submitted  8  Jobs by Thread Thread-1
Random Item 19 7
Submitted  9  Jobs by Thread Thread-1
Random Item 24 8
Submitted  10  Jobs by Thread Thread-1
Random Item 12 9
Submitted  11  Jobs by Thread Thread-1
Random Item 8 10
Submitted  12  Jobs by Thread Thread-1
Random Item 21 11
Submitted  13  Jobs by Thread Thread-1
Random Item 3 12
Submitted  14  Jobs by Thread Thread-1
Random Item 11 13
Submitted  15  Jobs by Thread Thread-1
Random Item 27 14
Submitted  16  Jobs by Thread Thread-1
Random Item 12 15
Submitted  17  Jobs by Thread Thread-1
Random Item 18 16
Submitted  18  Jobs by Thread Thread-1
Random Item 2 17
Submitted  19  Jobs by Thread Thread-1
Random Item 24 18
Submitted  20  Jobs by Thread Thread-1
Random Item 11 19
Submitted  21  Jobs by Thread Thread-1
Queue is Full
Thread-1
Queue is Full
Consuming inputs
Input job is : 19  Output of Job is :  6765 
Thread-3
Consuming inputs
Input job is : 2  Output of Job is :  2 
Thread-3
Consuming inputs
Input job is : 9  Output of Job is :  55 
Thread-3
Consuming inputs
Consuming inputs
Input job is : 22  Output of Job is :  28657 
Thread-3
Consuming inputs
Input job is : 22  Output of Job is :  28657 
Thread-3
Consuming inputs
Consuming inputs
Input job is : 19  Output of Job is :  6765 
Thread-5
Consuming inputs
Input job is : 24  Output of Job is :  75025 
Thread-5
Consuming inputs
Input job is : 12  Output of Job is :  233 
Thread-5
Consuming inputs
Input job is : 8  Output of Job is :  34 
Thread-5
Consuming inputs
Input job is : 21  Output of Job is :  17711 
Thread-5
Consuming inputs
Input job is : 3  Output of Job is :  3 
Thread-5
Consuming inputs
Input job is : 11  Output of Job is :  144 
Thread-5
Consuming inputs
Consuming inputs
Input job is : 12  Output of Job is :  233 
Thread-6
Consuming inputs
Input job is : 18  Output of Job is :  4181 
Thread-6
Consuming inputs
Input job is : 2  Output of Job is :  2 
Thread-6
Consuming inputs
Input job is : 24  Output of Job is :  75025 
Thread-6
Consuming inputs
Input job is : 11  Output of Job is :  144 
Thread-6
Input job is : 27  Output of Job is :  317811 
Thread-4
Input job is : 27  Output of Job is :  317811 
Thread-5
Input job is : 32  Output of Job is :  3524578 
Thread-3
Total jobs completed: 0
Thread-7
Random Item 20 0
Submitted  2  Jobs by Thread Thread-7
Random Item 33 1
Submitted  3  Jobs by Thread Thread-7
Random Item 32 2
Submitted  4  Jobs by Thread Thread-7
Random Item 10 3
Submitted  5  Jobs by Thread Thread-7
Random Item 1 4
Submitted  6  Jobs by Thread Thread-7
Random Item 27 5
Submitted  7  Jobs by Thread Thread-7
Random Item 13 6
Submitted  8  Jobs by Thread Thread-7
Random Item 7 7
Submitted  9  Jobs by Thread Thread-7
Random Item 16 8
Submitted  10  Jobs by Thread Thread-7
Random Item 4 9
Submitted  11  Jobs by Thread Thread-7
Random Item 5 10
Submitted  12  Jobs by Thread Thread-7
Random Item 18 11
Submitted  13  Jobs by Thread Thread-7
Random Item 3 12
Submitted  14  Jobs by Thread Thread-7
Random Item 20 13
Submitted  15  Jobs by Thread Thread-7
Random Item 10 14
Submitted  16  Jobs by Thread Thread-7
Random Item 18 15
Submitted  17  Jobs by Thread Thread-7
Random Item 13 16
Submitted  18  Jobs by Thread Thread-7
Random Item 5 17
Submitted  19  Jobs by Thread Thread-7
Random Item 8 18
Submitted  20  Jobs by Thread Thread-7
Random Item 1 19
Submitted  21  Jobs by Thread Thread-7
Queue is Full
Thread-7
Queue is Full
Consuming inputs
Input job is : 20  Output of Job is :  10946 
Thread-9
Consuming inputs
Consuming inputs
Consuming inputs
Input job is : 10  Output of Job is :  89 
Thread-11
Consuming inputs
Input job is : 1  Output of Job is :  1 
Thread-11
Consuming inputs
Consuming inputs
Input job is : 13  Output of Job is :  377 
Thread-12
Consuming inputs
Input job is : 7  Output of Job is :  21 
Thread-12
Consuming inputs
Input job is : 16  Output of Job is :  1597 
Thread-12
Consuming inputs
Input job is : 4  Output of Job is :  5 
Thread-12
Consuming inputs
Input job is : 5  Output of Job is :  8 
Thread-12
Consuming inputs
Input job is : 18  Output of Job is :  4181 
Thread-12
Consuming inputs
Input job is : 3  Output of Job is :  3 
Thread-12
Consuming inputs
Input job is : 20  Output of Job is :  10946 
Thread-12
Consuming inputs
Input job is : 10  Output of Job is :  89 
Thread-12
Consuming inputs
Input job is : 18  Output of Job is :  4181 
Thread-12
Consuming inputs
Input job is : 13  Output of Job is :  377 
Thread-12
Consuming inputs
Input job is : 5  Output of Job is :  8 
Thread-12
Consuming inputs
Input job is : 8  Output of Job is :  34 
Thread-12
Consuming inputs
Input job is : 1  Output of Job is :  1 
Thread-12
Input job is : 27  Output of Job is :  317811 
Thread-11
Input job is : 32  Output of Job is :  3524578 
Thread-10
Input job is : 33  Output of Job is :  5702887 
Thread-9
Total jobs completed: 20
Thread-13
Random Item 28 0
Submitted  2  Jobs by Thread Thread-13
Random Item 29 1
Submitted  3  Jobs by Thread Thread-13
Random Item 19 2
Submitted  4  Jobs by Thread Thread-13
Random Item 29 3
Submitted  5  Jobs by Thread Thread-13
Random Item 32 4
Submitted  6  Jobs by Thread Thread-13
Random Item 0 5
Submitted  7  Jobs by Thread Thread-13
Random Item 10 6
Submitted  8  Jobs by Thread Thread-13
Random Item 26 7
Submitted  9  Jobs by Thread Thread-13
Random Item 7 8
Submitted  10  Jobs by Thread Thread-13
Random Item 9 9
Submitted  11  Jobs by Thread Thread-13
Random Item 7 10
Submitted  12  Jobs by Thread Thread-13
Random Item 0 11
Submitted  13  Jobs by Thread Thread-13
Random Item 26 12
Submitted  14  Jobs by Thread Thread-13
Random Item 9 13
Submitted  15  Jobs by Thread Thread-13
Random Item 14 14
Submitted  16  Jobs by Thread Thread-13
Random Item 11 15
Submitted  17  Jobs by Thread Thread-13
Random Item 27 16
Submitted  18  Jobs by Thread Thread-13
Random Item 19 17
Submitted  19  Jobs by Thread Thread-13
Random Item 22 18
Submitted  20  Jobs by Thread Thread-13
Random Item 4 19
Submitted  21  Jobs by Thread Thread-13
Queue is Full
Thread-13
Queue is Full
Consuming inputs
Consuming inputs
Consuming inputs
Input job is : 19  Output of Job is :  6765 
Thread-17
Consuming inputs
Consuming inputs
Input job is : 28  Output of Job is :  514229 
Thread-15
Consuming inputs
Input job is : 0  Output of Job is :  1 
Thread-15
Consuming inputs
Input job is : 10  Output of Job is :  89 
Thread-15
Consuming inputs
Input job is : 26  Output of Job is :  196418 
Thread-15
Consuming inputs
Input job is : 7  Output of Job is :  21 
Thread-15
Consuming inputs
Input job is : 9  Output of Job is :  55 
Thread-15
Consuming inputs
Input job is : 7  Output of Job is :  21 
Thread-15
Consuming inputs
Input job is : 0  Output of Job is :  1 
Thread-15
Consuming inputs
Input job is : 29  Output of Job is :  832040 
Thread-16
Consuming inputs
Input job is : 9  Output of Job is :  55 
Thread-16
Consuming inputs
Input job is : 14  Output of Job is :  610 
Thread-16
Consuming inputs
Input job is : 11  Output of Job is :  144 
Thread-16
Consuming inputs
Input job is : 29  Output of Job is :  832040 
Thread-17
Consuming inputs
Input job is : 19  Output of Job is :  6765 
Thread-17
Consuming inputs
Input job is : 22  Output of Job is :  28657 
Thread-17
Consuming inputs
Input job is : 4  Output of Job is :  5 
Thread-17
Input job is : 26  Output of Job is :  196418 
Thread-15
Input job is : 27  Output of Job is :  317811 
Thread-16
Input job is : 32  Output of Job is :  3524578 
Thread-18
Total jobs completed: 40
Thread-19
Random Item 20 0
Submitted  2  Jobs by Thread Thread-19
Random Item 28 1
Submitted  3  Jobs by Thread Thread-19
Random Item 32 2
Submitted  4  Jobs by Thread Thread-19
Random Item 16 3
Submitted  5  Jobs by Thread Thread-19
Random Item 17 4
Submitted  6  Jobs by Thread Thread-19
Random Item 24 5
Submitted  7  Jobs by Thread Thread-19
Random Item 22 6
Submitted  8  Jobs by Thread Thread-19
Random Item 14 7
Submitted  9  Jobs by Thread Thread-19
Random Item 10 8
Submitted  10  Jobs by Thread Thread-19
Random Item 13 9
Submitted  11  Jobs by Thread Thread-19
Random Item 31 10
Submitted  12  Jobs by Thread Thread-19
Random Item 8 11
Submitted  13  Jobs by Thread Thread-19
Random Item 17 12
Submitted  14  Jobs by Thread Thread-19
Random Item 21 13
Submitted  15  Jobs by Thread Thread-19
Random Item 21 14
Submitted  16  Jobs by Thread Thread-19
Random Item 23 15
Submitted  17  Jobs by Thread Thread-19
Random Item 13 16
Submitted  18  Jobs by Thread Thread-19
Random Item 17 17
Submitted  19  Jobs by Thread Thread-19
Random Item 7 18
Submitted  20  Jobs by Thread Thread-19
Random Item 23 19
Submitted  21  Jobs by Thread Thread-19
Queue is Full
Thread-19
Queue is Full
Consuming inputs
Input job is : 20  Output of Job is :  10946 
Thread-21
Consuming inputs
Consuming inputs
Consuming inputs
Input job is : 16  Output of Job is :  1597 
Thread-23
Consuming inputs
Input job is : 17  Output of Job is :  2584 
Thread-23
Consuming inputs
Consuming inputs
Input job is : 22  Output of Job is :  28657 
Thread-24
Consuming inputs
Input job is : 14  Output of Job is :  610 
Thread-24
Consuming inputs
Input job is : 10  Output of Job is :  89 
Thread-24
Consuming inputs
Input job is : 13  Output of Job is :  377 
Thread-24
Consuming inputs
Input job is : 24  Output of Job is :  75025 
Thread-23
Consuming inputs
Input job is : 8  Output of Job is :  34 
Thread-23
Consuming inputs
Input job is : 17  Output of Job is :  2584 
Thread-23
Consuming inputs
Input job is : 21  Output of Job is :  17711 
Thread-23
Consuming inputs
Input job is : 21  Output of Job is :  17711 
Thread-23
Consuming inputs
Input job is : 23  Output of Job is :  46368 
Thread-23
Consuming inputs
Input job is : 13  Output of Job is :  377 
Thread-23
Consuming inputs
Input job is : 17  Output of Job is :  2584 
Thread-23
Consuming inputs
Input job is : 7  Output of Job is :  21 
Thread-23
Consuming inputs
Input job is : 23  Output of Job is :  46368 
Thread-23
Input job is : 28  Output of Job is :  514229 
Thread-21
Input job is : 31  Output of Job is :  2178309 
Thread-24
Input job is : 32  Output of Job is :  3524578 
Thread-22
Total jobs completed: 60
Thread-25
Random Item 33 0
Submitted  2  Jobs by Thread Thread-25
Random Item 24 1
Submitted  3  Jobs by Thread Thread-25
Random Item 10 2
Submitted  4  Jobs by Thread Thread-25
Random Item 8 3
Submitted  5  Jobs by Thread Thread-25
Random Item 26 4
Submitted  6  Jobs by Thread Thread-25
Random Item 22 5
Submitted  7  Jobs by Thread Thread-25
Random Item 27 6
Submitted  8  Jobs by Thread Thread-25
Random Item 2 7
Submitted  9  Jobs by Thread Thread-25
Random Item 23 8
Submitted  10  Jobs by Thread Thread-25
Random Item 3 9
Submitted  11  Jobs by Thread Thread-25
Random Item 5 10
Submitted  12  Jobs by Thread Thread-25
Random Item 33 11
Submitted  13  Jobs by Thread Thread-25
Random Item 28 12
Submitted  14  Jobs by Thread Thread-25
Random Item 25 13
Submitted  15  Jobs by Thread Thread-25
Random Item 6 14
Submitted  16  Jobs by Thread Thread-25
Random Item 34 15
Submitted  17  Jobs by Thread Thread-25
Random Item 32 16
Submitted  18  Jobs by Thread Thread-25
Random Item 1 17
Submitted  19  Jobs by Thread Thread-25
Random Item 28 18
Submitted  20  Jobs by Thread Thread-25
Random Item 18 19
Submitted  21  Jobs by Thread Thread-25
Queue is Full
Thread-25
Queue is Full
Consuming inputs
Consuming inputs
Consuming inputs
Input job is : 10  Output of Job is :  89 
Thread-29
Consuming inputs
Input job is : 8  Output of Job is :  34 
Thread-29
Consuming inputs
Consuming inputs
Input job is : 22  Output of Job is :  28657 
Thread-30
Consuming inputs
Input job is : 24  Output of Job is :  75025 
Thread-28
Consuming inputs
Input job is : 2  Output of Job is :  2 
Thread-28
Consuming inputs
Input job is : 23  Output of Job is :  46368 
Thread-28
Consuming inputs
Input job is : 3  Output of Job is :  3 
Thread-28
Consuming inputs
Input job is : 5  Output of Job is :  8 
Thread-28
Consuming inputs
Input job is : 26  Output of Job is :  196418 
Thread-29
Consuming inputs
Input job is : 27  Output of Job is :  317811 
Thread-30
Consuming inputs
Input job is : 28  Output of Job is :  514229 
Thread-29
Consuming inputs
Input job is : 6  Output of Job is :  13 
Thread-29
Consuming inputs
Input job is : 25  Output of Job is :  121393 
Thread-30
Consuming inputs
Input job is : 32  Output of Job is :  3524578 
Thread-30
Consuming inputs
Input job is : 1  Output of Job is :  1 
Thread-30
Consuming inputs
Input job is : 28  Output of Job is :  514229 
Thread-30
Consuming inputs
Input job is : 18  Output of Job is :  4181 
Thread-30
Input job is : 33  Output of Job is :  5702887 
Thread-27
Input job is : 33  Output of Job is :  5702887 
Thread-28
Input job is : 34  Output of Job is :  9227465 
Thread-29
Total jobs completed: 80
